<?xml version="1.0" encoding="UTF-8"?>
<!-- Generated by org.testng.reporters.JUnitXMLReporter -->
<testsuite ignored="0" hostname="DESKTOP-76Q9I9I" failures="0" tests="3" name="Default test" time="70.627" errors="0" timestamp="2026-05-13T16:59:11 IST">
  <testcase classname="organizationModule.OrganizationModule" name="createOrgTest" time="15.707"/>
  <testcase classname="organizationModule.OrganizationModule" name="createOrgWithIndustryAndTypeTest" time="12.771"/>
  <testcase classname="organizationModule.OrganizationModule" name="createOrgWithPhoneTest" time="12.435"/>
</testsuite> <!-- Default test -->
