<?xml version="1.0" encoding="UTF-8"?>
<testng-results ignored="0" total="3" passed="3" failed="0" skipped="0">
  <reporter-output>
    <line>
      <![CDATA[Suite Execution Started --- Adv Report Generation]]>
    </line>
    <line>
      <![CDATA[Database Connected]]>
    </line>
    <line>
      <![CDATA[Parallel Execution Configured]]>
    </line>
    <line>
      <![CDATA[Launching Browser]]>
    </line>
    <line>
      <![CDATA[sdriver initialized: SUCCESS]]>
    </line>
    <line>
      <![CDATA[Browser Launched Successfully]]>
    </line>
    <line>
      <![CDATA[Logged into Application]]>
    </line>
    <line>
      <![CDATA[Logged out from Application]]>
    </line>
    <line>
      <![CDATA[Logged into Application]]>
    </line>
    <line>
      <![CDATA[Logged out from Application]]>
    </line>
    <line>
      <![CDATA[Logged into Application]]>
    </line>
    <line>
      <![CDATA[Logged out from Application]]>
    </line>
    <line>
      <![CDATA[Browser Closed]]>
    </line>
    <line>
      <![CDATA[Closed Parallel Execution Config]]>
    </line>
    <line>
      <![CDATA[Database Disconnected]]>
    </line>
  </reporter-output>
  <suite started-at="2026-05-13T16:58:01 IST" name="Default suite" finished-at="2026-05-13T16:59:11 IST" duration-ms="70627">
    <groups>
      <group name="regression">
        <method signature="OrganizationModule.createOrgWithIndustryAndTypeTest(java.util.Map)[pri:0, instance:organizationModule.OrganizationModule@24aed80c]" name="createOrgWithIndustryAndTypeTest" class="organizationModule.OrganizationModule"/>
        <method signature="OrganizationModule.createOrgWithPhoneTest(java.util.Map)[pri:0, instance:organizationModule.OrganizationModule@24aed80c]" name="createOrgWithPhoneTest" class="organizationModule.OrganizationModule"/>
      </group> <!-- regression -->
      <group name="smoke">
        <method signature="OrganizationModule.createOrgTest(java.util.Map)[pri:0, instance:organizationModule.OrganizationModule@24aed80c]" name="createOrgTest" class="organizationModule.OrganizationModule"/>
      </group> <!-- smoke -->
    </groups>
    <test started-at="2026-05-13T16:58:01 IST" name="Default test" finished-at="2026-05-13T16:59:11 IST" duration-ms="70627">
      <class name="organizationModule.OrganizationModule">
        <test-method is-config="true" signature="connectToDatabase()[pri:0, instance:organizationModule.OrganizationModule@24aed80c]" started-at="2026-05-13T16:57:59 IST" name="connectToDatabase" finished-at="2026-05-13T16:58:01 IST" duration-ms="1108" status="PASS">
          <reporter-output>
            <line>
              <![CDATA[Database Connected]]>
            </line>
          </reporter-output>
        </test-method> <!-- connectToDatabase -->
        <test-method is-config="true" signature="configParallelExe()[pri:0, instance:organizationModule.OrganizationModule@24aed80c]" started-at="2026-05-13T16:58:01 IST" name="configParallelExe" finished-at="2026-05-13T16:58:01 IST" duration-ms="6" status="PASS">
          <reporter-output>
            <line>
              <![CDATA[Parallel Execution Configured]]>
            </line>
          </reporter-output>
        </test-method> <!-- configParallelExe -->
        <test-method is-config="true" signature="setUp(java.lang.String)[pri:0, instance:organizationModule.OrganizationModule@24aed80c]" started-at="2026-05-13T16:58:01 IST" name="setUp" finished-at="2026-05-13T16:58:10 IST" duration-ms="9792" status="PASS">
          <params>
            <param index="0">
              <value>
                <![CDATA[]]>
              </value>
            </param>
          </params>
          <reporter-output>
            <line>
              <![CDATA[Launching Browser]]>
            </line>
            <line>
              <![CDATA[sdriver initialized: SUCCESS]]>
            </line>
            <line>
              <![CDATA[Browser Launched Successfully]]>
            </line>
          </reporter-output>
        </test-method> <!-- setUp -->
        <test-method is-config="true" signature="login()[pri:0, instance:organizationModule.OrganizationModule@24aed80c]" started-at="2026-05-13T16:58:12 IST" name="login" finished-at="2026-05-13T16:58:15 IST" duration-ms="3617" status="PASS">
          <reporter-output>
            <line>
              <![CDATA[Logged into Application]]>
            </line>
          </reporter-output>
        </test-method> <!-- login -->
        <test-method signature="createOrgTest(java.util.Map)[pri:0, instance:organizationModule.OrganizationModule@24aed80c]" started-at="2026-05-13T16:58:15 IST" name="createOrgTest" description="Create Org" data-provider="organizationDataProvider" finished-at="2026-05-13T16:58:31 IST" duration-ms="15707" status="PASS">
          <params>
            <param index="0">
              <value>
                <![CDATA[{STATUS=, TC_ID=TC_01, INDUSTRY=, SNO=1.0, ORG_NAME=Marvel, TC_DESC=Create Org, PHNO=, TYPE=}]]>
              </value>
            </param>
          </params>
          <reporter-output>
          </reporter-output>
        </test-method> <!-- createOrgTest -->
        <test-method is-config="true" signature="logout()[pri:0, instance:organizationModule.OrganizationModule@24aed80c]" started-at="2026-05-13T16:58:31 IST" name="logout" finished-at="2026-05-13T16:58:34 IST" duration-ms="2965" status="PASS">
          <reporter-output>
            <line>
              <![CDATA[Logged out from Application]]>
            </line>
          </reporter-output>
        </test-method> <!-- logout -->
        <test-method is-config="true" signature="login()[pri:0, instance:organizationModule.OrganizationModule@24aed80c]" started-at="2026-05-13T16:58:34 IST" name="login" finished-at="2026-05-13T16:58:38 IST" duration-ms="3515" status="PASS">
          <reporter-output>
            <line>
              <![CDATA[Logged into Application]]>
            </line>
          </reporter-output>
        </test-method> <!-- login -->
        <test-method signature="createOrgWithIndustryAndTypeTest(java.util.Map)[pri:0, instance:organizationModule.OrganizationModule@24aed80c]" started-at="2026-05-13T16:58:38 IST" name="createOrgWithIndustryAndTypeTest" description="Create Org With Industry and Type" data-provider="organizationDataProvider" finished-at="2026-05-13T16:58:51 IST" duration-ms="12771" status="PASS">
          <params>
            <param index="0">
              <value>
                <![CDATA[{STATUS=, TC_ID=TC_02, INDUSTRY=Construction, SNO=2.0, ORG_NAME=Hello, TC_DESC=Create Org With Industry and Type, PHNO=, TYPE=Analyst}]]>
              </value>
            </param>
          </params>
          <reporter-output>
          </reporter-output>
        </test-method> <!-- createOrgWithIndustryAndTypeTest -->
        <test-method is-config="true" signature="logout()[pri:0, instance:organizationModule.OrganizationModule@24aed80c]" started-at="2026-05-13T16:58:51 IST" name="logout" finished-at="2026-05-13T16:58:53 IST" duration-ms="2400" status="PASS">
          <reporter-output>
            <line>
              <![CDATA[Logged out from Application]]>
            </line>
          </reporter-output>
        </test-method> <!-- logout -->
        <test-method is-config="true" signature="login()[pri:0, instance:organizationModule.OrganizationModule@24aed80c]" started-at="2026-05-13T16:58:53 IST" name="login" finished-at="2026-05-13T16:58:56 IST" duration-ms="2788" status="PASS">
          <reporter-output>
            <line>
              <![CDATA[Logged into Application]]>
            </line>
          </reporter-output>
        </test-method> <!-- login -->
        <test-method signature="createOrgWithPhoneTest(java.util.Map)[pri:0, instance:organizationModule.OrganizationModule@24aed80c]" started-at="2026-05-13T16:58:56 IST" name="createOrgWithPhoneTest" description="Create Org With Phone no" data-provider="organizationDataProvider" finished-at="2026-05-13T16:59:08 IST" duration-ms="12435" status="PASS">
          <params>
            <param index="0">
              <value>
                <![CDATA[{STATUS=, TC_ID=TC_03, INDUSTRY=, SNO=3.0, ORG_NAME=Byy, TC_DESC=Create Org With Phone no, PHNO=9.348625285E9, TYPE=}]]>
              </value>
            </param>
          </params>
          <reporter-output>
          </reporter-output>
        </test-method> <!-- createOrgWithPhoneTest -->
        <test-method is-config="true" signature="logout()[pri:0, instance:organizationModule.OrganizationModule@24aed80c]" started-at="2026-05-13T16:59:08 IST" name="logout" finished-at="2026-05-13T16:59:11 IST" duration-ms="2404" status="PASS">
          <reporter-output>
            <line>
              <![CDATA[Logged out from Application]]>
            </line>
          </reporter-output>
        </test-method> <!-- logout -->
        <test-method is-config="true" signature="quitBrowser()[pri:0, instance:organizationModule.OrganizationModule@24aed80c]" started-at="2026-05-13T16:59:11 IST" name="quitBrowser" finished-at="2026-05-13T16:59:11 IST" duration-ms="359" status="PASS">
          <reporter-output>
            <line>
              <![CDATA[Browser Closed]]>
            </line>
          </reporter-output>
        </test-method> <!-- quitBrowser -->
        <test-method is-config="true" signature="closeConfigPE()[pri:0, instance:organizationModule.OrganizationModule@24aed80c]" started-at="2026-05-13T16:59:11 IST" name="closeConfigPE" finished-at="2026-05-13T16:59:11 IST" duration-ms="1" status="PASS">
          <reporter-output>
            <line>
              <![CDATA[Closed Parallel Execution Config]]>
            </line>
          </reporter-output>
        </test-method> <!-- closeConfigPE -->
        <test-method is-config="true" signature="disconnectDB()[pri:0, instance:organizationModule.OrganizationModule@24aed80c]" started-at="2026-05-13T16:59:11 IST" name="disconnectDB" finished-at="2026-05-13T16:59:11 IST" duration-ms="5" status="PASS">
          <reporter-output>
            <line>
              <![CDATA[Database Disconnected]]>
            </line>
          </reporter-output>
        </test-method> <!-- disconnectDB -->
      </class> <!-- organizationModule.OrganizationModule -->
    </test> <!-- Default test -->
  </suite> <!-- Default suite -->
</testng-results>
