<?xml version="1.0" encoding="UTF-8"?>
<!-- Generated by org.testng.reporters.JUnitReportReporter -->
<testsuite hostname="DESKTOP-76Q9I9I" failures="0" tests="3" name="organizationModule.OrganizationModule" time="58.602" errors="0" timestamp="2026-05-13T16:59:12 IST" skipped="0">
  <testcase classname="organizationModule.OrganizationModule" name="createOrgWithIndustryAndTypeTest" time="17.959"/>
  <testcase classname="organizationModule.OrganizationModule" name="createOrgTest" time="21.728"/>
  <testcase classname="organizationModule.OrganizationModule" name="createOrgWithPhoneTest" time="18.915"/>
  <system-out>
    <![CDATA[Suite Execution Started --- Adv Report Generation
Database Connected
Parallel Execution Configured
Launching Browser
sdriver initialized: SUCCESS
Browser Launched Successfully
Logged into Application
Logged out from Application
Logged into Application
Logged out from Application
Logged into Application
Logged out from Application
Browser Closed
Closed Parallel Execution Config
Database Disconnected]]>
  </system-out>
</testsuite> <!-- organizationModule.OrganizationModule -->
